
  [32m[1mVITE[22m v5.4.21[39m  [2mready in [0m[1m964[22m[2m[0m ms[22m

  [32m➜[39m  [1mLocal[22m:   [36mhttp://127.0.0.1:[1m5173[22m/[39m

  [32m[1mVITE[22m v5.4.21[39m  [2mready in [0m[1m567[22m[2m[0m ms[22m

  [32m➜[39m  [1mLocal[22m:   [36mhttp://127.0.0.1:[1m5173[22m/[39m

  [32m[1mVITE[22m v5.4.21[39m  [2mready in [0m[1m322[22m[2m[0m ms[22m

  [32m➜[39m  [1mLocal[22m:   [36mhttp://127.0.0.1:[1m5173[22m/[39m

  [32m[1mVITE[22m v5.4.21[39m  [2mready in [0m[1m331[22m[2m[0m ms[22m

  [32m➜[39m  [1mLocal[22m:   [36mhttp://127.0.0.1:[1m5173[22m/[39m

  [32m[1mVITE[22m v5.4.21[39m  [2mready in [0m[1m316[22m[2m[0m ms[22m

  [32m➜[39m  [1mLocal[22m:   [36mhttp://127.0.0.1:[1m5173[22m/[39m

  [32m[1mVITE[22m v5.4.21[39m  [2mready in [0m[1m586[22m[2m[0m ms[22m

  [32m➜[39m  [1mLocal[22m:   [36mhttp://127.0.0.1:[1m5173[22m/[39m

  [32m[1mVITE[22m v5.4.21[39m  [2mready in [0m[1m354[22m[2m[0m ms[22m

  [32m➜[39m  [1mLocal[22m:   [36mhttp://127.0.0.1:[1m5173[22m/[39m

  [32m[1mVITE[22m v5.4.21[39m  [2mready in [0m[1m534[22m[2m[0m ms[22m

  [32m➜[39m  [1mLocal[22m:   [36mhttp://127.0.0.1:[1m5173[22m/[39m

  [32m[1mVITE[22m v5.4.21[39m  [2mready in [0m[1m846[22m[2m[0m ms[22m

  [32m➜[39m  [1mLocal[22m:   [36mhttp://127.0.0.1:[1m5173[22m/[39m

  [32m[1mVITE[22m v5.4.21[39m  [2mready in [0m[1m291[22m[2m[0m ms[22m

  [32m➜[39m  [1mLocal[22m:   [36mhttp://127.0.0.1:[1m5173[22m/[39m
[2m12:15:47[22m [36m[1m[vite][22m[39m [32mpage reload [39m[2msrc/components/Configuracion/SeccionWhatsApp.jsx[22m

  [32m[1mVITE[22m v5.4.21[39m  [2mready in [0m[1m305[22m[2m[0m ms[22m

  [32m➜[39m  [1mLocal[22m:   [36mhttp://127.0.0.1:[1m5173[22m/[39m

  [32m[1mVITE[22m v5.4.21[39m  [2mready in [0m[1m299[22m[2m[0m ms[22m

  [32m➜[39m  [1mLocal[22m:   [36mhttp://127.0.0.1:[1m5173[22m/[39m

  [32m[1mVITE[22m v5.4.21[39m  [2mready in [0m[1m419[22m[2m[0m ms[22m

  [32m➜[39m  [1mLocal[22m:   [36mhttp://127.0.0.1:[1m5173[22m/[39m

  [32m[1mVITE[22m v5.4.21[39m  [2mready in [0m[1m440[22m[2m[0m ms[22m

  [32m➜[39m  [1mLocal[22m:   [36mhttp://127.0.0.1:[1m5173[22m/[39m

  [32m[1mVITE[22m v5.4.21[39m  [2mready in [0m[1m411[22m[2m[0m ms[22m

  [32m➜[39m  [1mLocal[22m:   [36mhttp://127.0.0.1:[1m5173[22m/[39m

  [32m[1mVITE[22m v5.4.21[39m  [2mready in [0m[1m336[22m[2m[0m ms[22m

  [32m➜[39m  [1mLocal[22m:   [36mhttp://127.0.0.1:[1m5173[22m/[39m

  [32m[1mVITE[22m v5.4.21[39m  [2mready in [0m[1m345[22m[2m[0m ms[22m

  [32m➜[39m  [1mLocal[22m:   [36mhttp://127.0.0.1:[1m5173[22m/[39m

  [32m[1mVITE[22m v5.4.21[39m  [2mready in [0m[1m311[22m[2m[0m ms[22m

  [32m➜[39m  [1mLocal[22m:   [36mhttp://127.0.0.1:[1m5173[22m/[39m

  [32m[1mVITE[22m v5.4.21[39m  [2mready in [0m[1m276[22m[2m[0m ms[22m

  [32m➜[39m  [1mLocal[22m:   [36mhttp://127.0.0.1:[1m5173[22m/[39m

  [32m[1mVITE[22m v5.4.21[39m  [2mready in [0m[1m622[22m[2m[0m ms[22m

  [32m➜[39m  [1mLocal[22m:   [36mhttp://127.0.0.1:[1m5173[22m/[39m
[2m01:32:16[22m [36m[1m[vite][22m[39m [32mpage reload [39m[2msrc/components/Configuracion/ConfigComponents.jsx[22m
[2m01:32:49[22m [36m[1m[vite][22m[39m [32mpage reload [39m[2msrc/components/Configuracion/SeccionWhatsApp.jsx[22m

  [32m[1mVITE[22m v5.4.21[39m  [2mready in [0m[1m272[22m[2m[0m ms[22m

  [32m➜[39m  [1mLocal[22m:   [36mhttp://127.0.0.1:[1m5173[22m/[39m
[2m01:54:09[22m [36m[1m[vite][22m[39m [32mhmr update [39m[2m/src/components/Configuracion/SeccionWhatsApp.jsx, /src/index.css[22m

  [32m[1mVITE[22m v5.4.21[39m  [2mready in [0m[1m281[22m[2m[0m ms[22m

  [32m➜[39m  [1mLocal[22m:   [36mhttp://localhost:[1m5173[22m/[39m
  [32m➜[39m  [1mNetwork[22m: [36mhttp://192.168.1.92:[1m5173[22m/[39m
[2m02:32:38[22m [36m[1m[vite][22m[39m [32mpage reload [39m[2msrc/components/Configuracion/SeccionWhatsApp.jsx[22m
node:events:486
      throw er; // Unhandled 'error' event
      ^

Error: read ECONNRESET
    at TCP.onStreamRead (node:internal/stream_base_commons:216:20)
Emitted 'error' event on Socket instance at:
    at emitErrorNT (node:internal/streams/destroy:170:8)
    at emitErrorCloseNT (node:internal/streams/destroy:129:3)
    at process.processTicksAndRejections (node:internal/process/task_queues:90:21) {
  errno: -4077,
  code: 'ECONNRESET',
  syscall: 'read'
}

Node.js v24.14.1

  [32m[1mVITE[22m v5.4.21[39m  [2mready in [0m[1m290[22m[2m[0m ms[22m

  [32m➜[39m  [1mLocal[22m:   [36mhttp://localhost:[1m5173[22m/[39m
  [32m➜[39m  [1mNetwork[22m: [36mhttp://192.168.1.92:[1m5173[22m/[39m
node:events:486
      throw er; // Unhandled 'error' event
      ^

Error: read ECONNRESET
    at TCP.onStreamRead (node:internal/stream_base_commons:216:20)
Emitted 'error' event on Socket instance at:
    at emitErrorNT (node:internal/streams/destroy:170:8)
    at emitErrorCloseNT (node:internal/streams/destroy:129:3)
    at process.processTicksAndRejections (node:internal/process/task_queues:90:21) {
  errno: -4077,
  code: 'ECONNRESET',
  syscall: 'read'
}

Node.js v24.14.1

  [32m[1mVITE[22m v5.4.21[39m  [2mready in [0m[1m829[22m[2m[0m ms[22m

  [32m➜[39m  [1mLocal[22m:   [36mhttp://localhost:[1m5173[22m/[39m
  [32m➜[39m  [1mNetwork[22m: [36mhttp://192.168.1.92:[1m5173[22m/[39m
[2m06:09:14[22m [36m[1m[vite][22m[39m [32mhmr update [39m[2m/src/pages/Productos.jsx, /src/index.css[22m
[2m06:09:22[22m [36m[1m[vite][22m[39m [32mhmr update [39m[2m/src/pages/Productos.jsx, /src/index.css[22m
[2m06:09:28[22m [36m[1m[vite][22m[39m [32mhmr update [39m[2m/src/pages/Productos.jsx, /src/index.css[22m
[2m06:09:54[22m [36m[1m[vite][22m[39m [32mhmr update [39m[2m/src/index.css, /src/pages/WebPublica.jsx, /src/pages/TPV.jsx, /src/components/TPV/TpvCatalog.jsx[22m
[2m06:10:02[22m [36m[1m[vite][22m[39m [32mhmr update [39m[2m/src/components/TPV/TpvCatalog.jsx, /src/index.css[22m
[2m06:10:15[22m [36m[1m[vite][22m[39m [32mhmr update [39m[2m/src/pages/WebPublica.jsx, /src/index.css[22m
[2m06:10:23[22m [36m[1m[vite][22m[39m [32mhmr update [39m[2m/src/pages/Productos.jsx, /src/index.css[22m
[2m06:11:09[22m [36m[1m[vite][22m[39m [32mhmr update [39m[2m/src/pages/Productos.jsx, /src/index.css[22m
[2m06:11:37[22m [36m[1m[vite][22m[39m [32mhmr update [39m[2m/src/pages/Productos.jsx, /src/index.css[22m
[2m06:12:13[22m [36m[1m[vite][22m[39m [32mhmr update [39m[2m/src/pages/Productos.jsx, /src/index.css[22m
[2m06:17:28[22m [36m[1m[vite][22m[39m [32mhmr update [39m[2m/src/pages/Inventario.jsx, /src/index.css[22m
[2m06:22:48[22m [36m[1m[vite][22m[39m [32mhmr update [39m[2m/src/index.css, /src/pages/WebPublica.jsx, /src/pages/TPV.jsx, /src/components/TPV/TpvCatalog.jsx[22m
[2m06:23:19[22m [36m[1m[vite][22m[39m [32mhmr update [39m[2m/src/pages/WebPublica.jsx, /src/index.css[22m
[2m06:32:29[22m [36m[1m[vite][22m[39m [32mhmr update [39m[2m/src/pages/Pedidos.jsx, /src/index.css[22m
[2m06:32:36[22m [36m[1m[vite][22m[39m [32mhmr update [39m[2m/src/pages/Pedidos.jsx, /src/index.css[22m
[2m06:32:56[22m [36m[1m[vite][22m[39m [32mhmr update [39m[2m/src/pages/Pedidos.jsx, /src/index.css[22m
[2m06:33:05[22m [36m[1m[vite][22m[39m [32mhmr update [39m[2m/src/pages/Pedidos.jsx, /src/index.css[22m
[2m06:33:10[22m [36m[1m[vite][22m[39m [32mhmr update [39m[2m/src/pages/Pedidos.jsx, /src/index.css[22m
[2m06:33:17[22m [36m[1m[vite][22m[39m [32mhmr update [39m[2m/src/pages/Pedidos.jsx, /src/index.css[22m
[2m06:33:28[22m [36m[1m[vite][22m[39m [32mhmr update [39m[2m/src/pages/Pedidos.jsx, /src/index.css[22m
[2m06:33:35[22m [36m[1m[vite][22m[39m [32mhmr update [39m[2m/src/pages/Pedidos.jsx, /src/index.css[22m
[2m06:33:52[22m [36m[1m[vite][22m[39m [32mhmr update [39m[2m/src/pages/Pedidos.jsx, /src/index.css[22m
[2m06:33:59[22m [36m[1m[vite][22m[39m [32mhmr update [39m[2m/src/pages/Pedidos.jsx, /src/index.css[22m
[2m06:34:16[22m [36m[1m[vite][22m[39m [32mhmr update [39m[2m/src/pages/Pedidos.jsx, /src/index.css[22m
[2m06:34:23[22m [36m[1m[vite][22m[39m [32mhmr update [39m[2m/src/pages/Pedidos.jsx, /src/index.css[22m
[2m06:34:34[22m [36m[1m[vite][22m[39m [32mhmr update [39m[2m/src/pages/Pedidos.jsx, /src/index.css[22m
[2m06:34:39[22m [36m[1m[vite][22m[39m [32mhmr update [39m[2m/src/pages/Pedidos.jsx, /src/index.css[22m
[2m06:43:40[22m [36m[1m[vite][22m[39m [32mhmr update [39m[2m/src/pages/Pedidos.jsx, /src/index.css[22m
[2m06:48:42[22m [36m[1m[vite][22m[39m [32mhmr update [39m[2m/src/pages/Pedidos.jsx, /src/index.css[22m
[2m06:54:22[22m [36m[1m[vite][22m[39m [32mhmr update [39m[2m/src/pages/Inventario.jsx, /src/index.css[22m
[2m07:00:45[22m [36m[1m[vite][22m[39m [32mhmr update [39m[2m/src/pages/Inventario.jsx, /src/index.css[22m
[2m07:35:29[22m [36m[1m[vite][22m[39m [32mhmr update [39m[2m/src/components/Configuracion/SeccionWhatsApp.jsx, /src/index.css[22m
[2m07:38:36[22m [36m[1m[vite][22m[39m [32mhmr update [39m[2m/src/components/Configuracion/SeccionWhatsApp.jsx, /src/index.css[22m
[2m07:52:38[22m [36m[1m[vite][22m[39m [32mhmr update [39m[2m/src/pages/MarketingDigital.jsx, /src/index.css[22m
[2m07:53:02[22m [36m[1m[vite][22m[39m [32mhmr update [39m[2m/src/pages/MarketingDigital.jsx, /src/index.css[22m
[2m07:53:27[22m [36m[1m[vite][22m[39m [32mhmr update [39m[2m/src/pages/MarketingDigital.jsx, /src/index.css[22m
[2m08:23:22[22m [36m[1m[vite][22m[39m [32mhmr update [39m[2m/src/components/Marketing/PublicadorFacebookPanel.jsx, /src/index.css[22m
[2m08:26:06[22m [36m[1m[vite][22m[39m [32mhmr update [39m[2m/src/components/Marketing/PublicadorFacebookPanel.jsx, /src/index.css[22m
[2m08:33:10[22m [36m[1m[vite][22m[39m [32mhmr update [39m[2m/src/components/Marketing/PublicadorFacebookPanel.jsx, /src/index.css[22m
[2m08:38:43[22m [36m[1m[vite][22m[39m [32mhmr update [39m[2m/src/components/Marketing/PublicadorFacebookPanel.jsx, /src/index.css[22m
[2m08:41:37[22m [36m[1m[vite][22m[39m [32mhmr update [39m[2m/src/components/Marketing/PublicadorFacebookPanel.jsx, /src/index.css[22m
[2m09:05:29[22m [36m[1m[vite][22m[39m [32mhmr update [39m[2m/src/components/Marketing/PublicadorFacebookPanel.jsx, /src/index.css[22m
[2m09:59:22[22m [36m[1m[vite][22m[39m [32mhmr update [39m[2m/src/components/Configuracion/SeccionWhatsApp.jsx, /src/index.css[22m
[2m09:59:28[22m [36m[1m[vite][22m[39m [32mhmr update [39m[2m/src/components/Configuracion/SeccionWhatsApp.jsx, /src/index.css[22m
[2m09:59:51[22m [36m[1m[vite][22m[39m [32mhmr update [39m[2m/src/components/Configuracion/SeccionWhatsApp.jsx, /src/index.css[22m
[2m09:59:57[22m [36m[1m[vite][22m[39m [32mhmr update [39m[2m/src/components/Configuracion/SeccionWhatsApp.jsx, /src/index.css[22m
[2m10:00:03[22m [36m[1m[vite][22m[39m [32mhmr update [39m[2m/src/components/Configuracion/SeccionWhatsApp.jsx, /src/index.css[22m
[2m10:00:09[22m [36m[1m[vite][22m[39m [32mhmr update [39m[2m/src/components/Configuracion/SeccionWhatsApp.jsx, /src/index.css[22m
[2m10:00:25[22m [36m[1m[vite][22m[39m [32mhmr update [39m[2m/src/components/Configuracion/SeccionWhatsApp.jsx, /src/index.css[22m
[2m10:00:57[22m [36m[1m[vite][22m[39m [32mhmr update [39m[2m/src/components/Configuracion/SeccionWhatsApp.jsx, /src/index.css[22m
[2m11:09:36[22m [36m[1m[vite][22m[39m [32mhmr update [39m[2m/src/pages/MarketingDigital.jsx, /src/index.css[22m
[2m11:09:40[22m [36m[1m[vite][22m[39m [32mhmr update [39m[2m/src/pages/MarketingDigital.jsx, /src/index.css[22m
[2m11:09:50[22m [36m[1m[vite][22m[39m [32mhmr update [39m[2m/src/pages/MarketingDigital.jsx, /src/index.css[22m
[2m11:16:45[22m [36m[1m[vite][22m[39m [32mhmr update [39m[2m/src/pages/MarketingDigital.jsx, /src/index.css[22m
[2m11:16:56[22m [36m[1m[vite][22m[39m [32mhmr update [39m[2m/src/components/Marketing/FacebookPoster.jsx, /src/index.css[22m
[2m11:39:17[22m [36m[1m[vite][22m[39m [32mhmr update [39m[2m/src/index.css, /src/components/GlobalOrderAlerts.jsx, /src/components/Configuracion/SeccionWhatsApp.jsx[22m
[2m11:39:25[22m [36m[1m[vite][22m[39m [32mhmr update [39m[2m/src/components/GlobalOrderAlerts.jsx, /src/index.css[22m
[2m11:58:23[22m [36m[1m[vite][22m[39m [32mhmr update [39m[2m/src/index.css, /src/components/GlobalOrderAlerts.jsx, /src/components/Configuracion/SeccionWhatsApp.jsx[22m
[2m11:58:36[22m [36m[1m[vite][22m[39m [32mhmr update [39m[2m/src/components/GlobalOrderAlerts.jsx, /src/index.css[22m
[2m11:59:07[22m [36m[1m[vite][22m[39m [32mhmr update [39m[2m/src/pages/RiderPanel.jsx, /src/index.css[22m
[2m11:59:42[22m [36m[1m[vite][22m[39m [32mhmr update [39m[2m/src/pages/RiderPanel.jsx, /src/index.css[22m
[2m12:00:12[22m [36m[1m[vite][22m[39m [32mhmr update [39m[2m/src/pages/RiderPanel.jsx, /src/index.css[22m
[2m12:06:12[22m [36m[1m[vite][22m[39m [32mhmr update [39m[2m/src/pages/Pedidos.jsx, /src/index.css[22m
[2m12:08:48[22m [36m[1m[vite][22m[39m [32mhmr update [39m[2m/src/pages/Pedidos.jsx, /src/index.css[22m
[2m12:12:42[22m [36m[1m[vite][22m[39m [32mhmr update [39m[2m/src/pages/Pedidos.jsx, /src/index.css[22m
[2m12:13:51[22m [36m[1m[vite][22m[39m [32mhmr update [39m[2m/src/components/GlobalOrderAlerts.jsx, /src/index.css[22m
[2m12:13:54[22m [36m[1m[vite][22m[39m [32mhmr update [39m[2m/src/pages/Pedidos.jsx, /src/index.css[22m
[2m12:16:09[22m [36m[1m[vite][22m[39m [32mhmr update [39m[2m/src/pages/Pedidos.jsx, /src/index.css[22m
[2m12:19:07[22m [36m[1m[vite][22m[39m [32mhmr update [39m[2m/src/pages/Delivery.jsx, /src/index.css[22m
[2m12:19:14[22m [36m[1m[vite][22m[39m [32mhmr update [39m[2m/src/pages/Pedidos.jsx, /src/index.css[22m
[2m12:28:07[22m [36m[1m[vite][22m[39m [32mhmr update [39m[2m/src/pages/RiderPanel.jsx, /src/index.css[22m
[2m12:34:15[22m [36m[1m[vite][22m[39m [32mhmr update [39m[2m/src/pages/RiderPanel.jsx, /src/index.css[22m
[2m12:36:37[22m [36m[1m[vite][22m[39m [32mhmr update [39m[2m/src/pages/Pedidos.jsx, /src/index.css[22m
[2m12:39:27[22m [36m[1m[vite][22m[39m [32mhmr update [39m[2m/src/index.css, /src/components/GlobalOrderAlerts.jsx, /src/components/Configuracion/SeccionWhatsApp.jsx, /src/pages/RiderPanel.jsx, /src/pages/Pedidos.jsx[22m
[2m12:39:35[22m [36m[1m[vite][22m[39m [32mhmr update [39m[2m/src/components/GlobalOrderAlerts.jsx, /src/index.css[22m
[2m12:39:46[22m [36m[1m[vite][22m[39m [32mhmr update [39m[2m/src/pages/Pedidos.jsx, /src/index.css[22m
node:events:486
      throw er; // Unhandled 'error' event
      ^

Error: read ECONNRESET
    at TCP.onStreamRead (node:internal/stream_base_commons:216:20)
Emitted 'error' event on Socket instance at:
    at emitErrorNT (node:internal/streams/destroy:170:8)
    at emitErrorCloseNT (node:internal/streams/destroy:129:3)
    at process.processTicksAndRejections (node:internal/process/task_queues:90:21) {
  errno: -4077,
  code: 'ECONNRESET',
  syscall: 'read'
}

Node.js v24.14.1

  [32m[1mVITE[22m v5.4.21[39m  [2mready in [0m[1m286[22m[2m[0m ms[22m

  [32m➜[39m  [1mLocal[22m:   [36mhttp://localhost:[1m5173[22m/[39m
  [32m➜[39m  [1mNetwork[22m: [36mhttp://192.168.1.92:[1m5173[22m/[39m
[2m01:00:31[22m [36m[1m[vite][22m[39m [32mhmr update [39m[2m/src/pages/DashboardModern.jsx, /src/index.css[22m
[2m01:01:40[22m [36m[1m[vite][22m[39m [32mpage reload [39m[2msrc/pages/Dashboard.jsx[22m
[2m02:04:14[22m [36m[1m[vite][22m[39m [32mhmr update [39m[2m/src/components/Layout.jsx, /src/index.css[22m
[2m02:13:37[22m [36m[1m[vite][22m[39m [32mhmr update [39m[2m/src/components/Layout.jsx, /src/index.css[22m
[2m02:13:58[22m [36m[1m[vite][22m[39m [32mhmr update [39m[2m/src/pages/DashboardModern.jsx, /src/index.css[22m
[2m02:14:16[22m [36m[1m[vite][22m[39m [32mpage reload [39m[2msrc/pages/Dashboard.jsx[22m
[2m02:26:07[22m [36m[1m[vite][22m[39m [32mhmr update [39m[2m/src/context/AuthContext.jsx, /src/index.css[22m
[2m02:26:07[22m [36m[1m[vite][22m[39m [33mhmr invalidate [39m[2m/src/context/AuthContext.jsx[22m Could not Fast Refresh ("useAuth" export is incompatible). Learn more at https://github.com/vitejs/vite-plugin-react/tree/main/packages/plugin-react#consistent-components-exports
[2m02:26:07[22m [36m[1m[vite][22m[39m [32mhmr update [39m[2m/src/App.jsx, /src/index.css, /src/components/PrivateRoute.jsx, /src/components/Layout.jsx, /src/components/GlobalOrderAlerts.jsx, /src/components/SidebarModern.jsx, /src/pages/Pedidos.jsx, /src/pages/DashboardModern.jsx, /src/pages/Cuenta.jsx[22m
[2m02:26:43[22m [36m[1m[vite][22m[39m [32mhmr update [39m[2m/src/pages/Cuenta.jsx, /src/index.css[22m
[2m02:33:59[22m [36m[1m[vite][22m[39m [32mhmr update [39m[2m/src/pages/Cuenta.jsx, /src/index.css[22m
[2m02:35:54[22m [36m[1m[vite][22m[39m [32mhmr update [39m[2m/src/pages/Cuenta.jsx[22m
[2m02:36:01[22m [36m[1m[vite][22m[39m [32mhmr update [39m[2m/src/components/Layout.jsx, /src/index.css[22m
[2m03:11:18[22m [36m[1m[vite][22m[39m [32mhmr update [39m[2m/src/pages/DashboardModern.jsx, /src/index.css[22m
[2m03:12:12[22m [36m[1m[vite][22m[39m [32mhmr update [39m[2m/src/pages/DashboardModern.jsx, /src/index.css[22m
[2m03:12:12[22m [36m[1m[vite][22m[39m [32mhmr update [39m[2m/src/components/Layout.jsx, /src/index.css[22m
[2m10:06:52[22m [36m[1m[vite][22m[39m [32mhmr update [39m[2m/src/components/Layout.jsx, /src/index.css[22m
[2m10:35:54[22m [36m[1m[vite][22m[39m [32mhmr update [39m[2m/src/components/Layout.jsx, /src/index.css[22m
[2m10:36:42[22m [36m[1m[vite][22m[39m [32mhmr update [39m[2m/src/pages/DashboardModern.jsx, /src/index.css[22m
[2m11:30:58[22m [36m[1m[vite][22m[39m [32mhmr update [39m[2m/src/components/Configuracion/SeccionWhatsApp.jsx, /src/index.css[22m

  [32m[1mVITE[22m v5.4.21[39m  [2mready in [0m[1m775[22m[2m[0m ms[22m

  [32m➜[39m  [1mLocal[22m:   [36mhttp://localhost:[1m5173[22m/[39m
  [32m➜[39m  [1mNetwork[22m: [36mhttp://192.168.1.92:[1m5173[22m/[39m

  [32m[1mVITE[22m v5.4.21[39m  [2mready in [0m[1m349[22m[2m[0m ms[22m

  [32m➜[39m  [1mLocal[22m:   [36mhttp://localhost:[1m5173[22m/[39m
  [32m➜[39m  [1mNetwork[22m: [36mhttp://192.168.1.92:[1m5173[22m/[39m

  [32m[1mVITE[22m v5.4.21[39m  [2mready in [0m[1m781[22m[2m[0m ms[22m

  [32m➜[39m  [1mLocal[22m:   [36mhttp://localhost:[1m5173[22m/[39m
  [32m➜[39m  [1mNetwork[22m: [36mhttp://192.168.1.92:[1m5173[22m/[39m

  [32m[1mVITE[22m v5.4.21[39m  [2mready in [0m[1m286[22m[2m[0m ms[22m

  [32m➜[39m  [1mLocal[22m:   [36mhttp://localhost:[1m5173[22m/[39m
  [32m➜[39m  [1mNetwork[22m: [36mhttp://192.168.1.92:[1m5173[22m/[39m

  [32m[1mVITE[22m v5.4.21[39m  [2mready in [0m[1m291[22m[2m[0m ms[22m

  [32m➜[39m  [1mLocal[22m:   [36mhttp://localhost:[1m5173[22m/[39m
  [32m➜[39m  [1mNetwork[22m: [36mhttp://192.168.1.92:[1m5173[22m/[39m

  [32m[1mVITE[22m v5.4.21[39m  [2mready in [0m[1m286[22m[2m[0m ms[22m

  [32m➜[39m  [1mLocal[22m:   [36mhttp://localhost:[1m5173[22m/[39m
  [32m➜[39m  [1mNetwork[22m: [36mhttp://192.168.1.92:[1m5173[22m/[39m

  [32m[1mVITE[22m v5.4.21[39m  [2mready in [0m[1m287[22m[2m[0m ms[22m

  [32m➜[39m  [1mLocal[22m:   [36mhttp://localhost:[1m5173[22m/[39m
  [32m➜[39m  [1mNetwork[22m: [36mhttp://192.168.1.92:[1m5173[22m/[39m

  [32m[1mVITE[22m v5.4.21[39m  [2mready in [0m[1m282[22m[2m[0m ms[22m

  [32m➜[39m  [1mLocal[22m:   [36mhttp://localhost:[1m5173[22m/[39m
  [32m➜[39m  [1mNetwork[22m: [36mhttp://192.168.1.92:[1m5173[22m/[39m

  [32m[1mVITE[22m v5.4.21[39m  [2mready in [0m[1m288[22m[2m[0m ms[22m

  [32m➜[39m  [1mLocal[22m:   [36mhttp://localhost:[1m5173[22m/[39m
  [32m➜[39m  [1mNetwork[22m: [36mhttp://192.168.1.92:[1m5173[22m/[39m

  [32m[1mVITE[22m v5.4.21[39m  [2mready in [0m[1m281[22m[2m[0m ms[22m

  [32m➜[39m  [1mLocal[22m:   [36mhttp://localhost:[1m5173[22m/[39m
  [32m➜[39m  [1mNetwork[22m: [36mhttp://192.168.1.92:[1m5173[22m/[39m

  [32m[1mVITE[22m v5.4.21[39m  [2mready in [0m[1m404[22m[2m[0m ms[22m

  [32m➜[39m  [1mLocal[22m:   [36mhttp://localhost:[1m5173[22m/[39m
  [32m➜[39m  [1mNetwork[22m: [36mhttp://192.168.1.92:[1m5173[22m/[39m

  [32m[1mVITE[22m v5.4.21[39m  [2mready in [0m[1m291[22m[2m[0m ms[22m

  [32m➜[39m  [1mLocal[22m:   [36mhttp://localhost:[1m5173[22m/[39m
  [32m➜[39m  [1mNetwork[22m: [36mhttp://192.168.1.92:[1m5173[22m/[39m

  [32m[1mVITE[22m v5.4.21[39m  [2mready in [0m[1m289[22m[2m[0m ms[22m

  [32m➜[39m  [1mLocal[22m:   [36mhttp://localhost:[1m5173[22m/[39m
  [32m➜[39m  [1mNetwork[22m: [36mhttp://192.168.1.92:[1m5173[22m/[39m

  [32m[1mVITE[22m v5.4.21[39m  [2mready in [0m[1m1741[22m[2m[0m ms[22m

  [32m➜[39m  [1mLocal[22m:   [36mhttp://localhost:[1m5173[22m/[39m
  [32m➜[39m  [1mNetwork[22m: [36mhttp://192.168.1.92:[1m5173[22m/[39m

  [32m[1mVITE[22m v5.4.21[39m  [2mready in [0m[1m2013[22m[2m[0m ms[22m

  [32m➜[39m  [1mLocal[22m:   [36mhttp://localhost:[1m5173[22m/[39m
  [32m➜[39m  [1mNetwork[22m: [36mhttp://192.168.1.92:[1m5173[22m/[39m
[2m09:39:38[22m [36m[1m[vite][22m[39m [32mhmr update [39m[2m/src/components/Configuracion/SeccionWhatsApp.jsx, /src/index.css[22m
[2m09:40:27[22m [36m[1m[vite][22m[39m [32mhmr update [39m[2m/src/components/Configuracion/SeccionWhatsApp.jsx, /src/index.css[22m
[2m09:41:53[22m [36m[1m[vite][22m[39m [32mhmr update [39m[2m/src/components/Configuracion/SeccionWhatsApp.jsx, /src/index.css[22m
[2m09:41:53[22m [36m[1m[vite][22m[39m [32mhmr update [39m[2m/src/components/Configuracion/SeccionWhatsApp.jsx, /src/index.css[22m
[2m09:42:41[22m [36m[1m[vite][22m[39m [32mhmr update [39m[2m/src/components/Configuracion/SeccionWhatsApp.jsx, /src/index.css[22m
[2m09:45:40[22m [31m[1m[vite][22m[39m [31mhttp proxy error: /api/configuracion/whatsapp/status[39m
AggregateError [ECONNREFUSED]: 
    at internalConnectMultiple (node:net:1142:49)
    at afterConnectMultiple (node:net:1723:7)

  [32m[1mVITE[22m v5.4.21[39m  [2mready in [0m[1m5021[22m[2m[0m ms[22m

  [32m➜[39m  [1mLocal[22m:   [36mhttp://localhost:[1m5173[22m/[39m
  [32m➜[39m  [1mNetwork[22m: [36mhttp://192.168.1.92:[1m5173[22m/[39m

  [32m[1mVITE[22m v5.4.21[39m  [2mready in [0m[1m513[22m[2m[0m ms[22m

  [32m➜[39m  [1mLocal[22m:   [36mhttp://localhost:[1m5173[22m/[39m
  [32m➜[39m  [1mNetwork[22m: [36mhttp://192.168.1.92:[1m5173[22m/[39m
[2m10:20:13[22m [36m[1m[vite][22m[39m [32mhmr update [39m[2m/src/pages/WhatsAppInbox.jsx, /src/index.css[22m

  [32m[1mVITE[22m v5.4.21[39m  [2mready in [0m[1m259[22m[2m[0m ms[22m

  [32m➜[39m  [1mLocal[22m:   [36mhttp://localhost:[1m5173[22m/[39m
  [32m➜[39m  [1mNetwork[22m: [36mhttp://192.168.1.92:[1m5173[22m/[39m
[2m10:22:28[22m [36m[1m[vite][22m[39m [32mhmr update [39m[2m/src/pages/WhatsAppInbox.jsx, /src/index.css[22m

  [32m[1mVITE[22m v5.4.21[39m  [2mready in [0m[1m287[22m[2m[0m ms[22m

  [32m➜[39m  [1mLocal[22m:   [36mhttp://localhost:[1m5173[22m/[39m
  [32m➜[39m  [1mNetwork[22m: [36mhttp://192.168.1.92:[1m5173[22m/[39m
[2m10:24:34[22m [36m[1m[vite][22m[39m [32mhmr update [39m[2m/src/pages/WhatsAppInbox.jsx, /src/index.css[22m
[2m10:32:19[22m [36m[1m[vite][22m[39m [32mhmr update [39m[2m/src/pages/WhatsAppInbox.jsx, /src/index.css[22m

  [32m[1mVITE[22m v5.4.21[39m  [2mready in [0m[1m280[22m[2m[0m ms[22m

  [32m➜[39m  [1mLocal[22m:   [36mhttp://localhost:[1m5173[22m/[39m
  [32m➜[39m  [1mNetwork[22m: [36mhttp://192.168.1.92:[1m5173[22m/[39m
[2m10:41:00[22m [36m[1m[vite][22m[39m [32mhmr update [39m[2m/src/pages/WhatsAppInbox.jsx, /src/index.css[22m

  [32m[1mVITE[22m v5.4.21[39m  [2mready in [0m[1m274[22m[2m[0m ms[22m

  [32m➜[39m  [1mLocal[22m:   [36mhttp://localhost:[1m5173[22m/[39m
  [32m➜[39m  [1mNetwork[22m: [36mhttp://192.168.1.92:[1m5173[22m/[39m
[2m09:32:14[22m [36m[1m[vite][22m[39m [32mhmr update [39m[2m/src/pages/Inventario.jsx, /src/index.css[22m
[2m09:32:24[22m [36m[1m[vite][22m[39m [32mhmr update [39m[2m/src/pages/Inventario.jsx, /src/index.css[22m
[2m09:33:50[22m [36m[1m[vite][22m[39m [32mhmr update [39m[2m/src/pages/Inventario.jsx, /src/index.css[22m
[2m09:38:40[22m [36m[1m[vite][22m[39m [32mhmr update [39m[2m/src/pages/Inventario.jsx, /src/index.css[22m
[2m09:38:58[22m [36m[1m[vite][22m[39m [32mhmr update [39m[2m/src/pages/Inventario.jsx, /src/index.css[22m

  [32m[1mVITE[22m v5.4.21[39m  [2mready in [0m[1m1053[22m[2m[0m ms[22m

  [32m➜[39m  [1mLocal[22m:   [36mhttp://localhost:[1m5173[22m/[39m
  [32m➜[39m  [1mNetwork[22m: [36mhttp://192.168.1.92:[1m5173[22m/[39m
[2m12:59:00[22m [36m[1m[vite][22m[39m [32mvite.config.js changed, restarting server...[39m
[2m12:59:00[22m [36m[1m[vite][22m[39m server restarted.
[2m12:59:51[22m [36m[1m[vite][22m[39m [32mhmr update [39m[2m/src/index.css, /src/App.jsx[22m
[2m12:59:54[22m [36m[1m[vite][22m[39m [32mhmr update [39m[2m/src/components/Layout.jsx, /src/index.css[22m
[2m01:01:33[22m [36m[1m[vite][22m[39m [32mhmr update [39m[2m/src/pages/WebPublica.jsx, /src/index.css[22m
[2m01:01:59[22m [36m[1m[vite][22m[39m [32mhmr update [39m[2m/src/index.css, /src/App.jsx[22m
[2m01:02:04[22m [36m[1m[vite][22m[39m [32mhmr update [39m[2m/src/index.css, /src/App.jsx[22m
[2m01:02:13[22m [36m[1m[vite][22m[39m [32mhmr update [39m[2m/src/pages/WebPublica.jsx, /src/index.css[22m
[2m12:21:51[22m [36m[1m[vite][22m[39m [32mhmr update [39m[2m/src/index.css, /src/App.jsx[22m
[2m12:23:11[22m [36m[1m[vite][22m[39m [32mpage reload [39m[2msrc/components/Configuracion/SeccionAvanzado.jsx[22m
[2m12:23:30[22m [36m[1m[vite][22m[39m [32mhmr update [39m[2m/src/index.css, /src/App.jsx[22m
[2m12:23:39[22m [36m[1m[vite][22m[39m [32mhmr update [39m[2m/src/index.css, /src/App.jsx[22m
[2m12:23:48[22m [36m[1m[vite][22m[39m [32mpage reload [39m[2msrc/components/Clientes/ClientesCampaignsSection.jsx[22m
[2m06:46:45[22m [36m[1m[vite][22m[39m [32mpage reload [39m[2msrc/components/Configuracion/SeccionAvanzado.jsx[22m

  [32m[1mVITE[22m v5.4.21[39m  [2mready in [0m[1m666[22m[2m[0m ms[22m

  [32m➜[39m  [1mLocal[22m:   [36mhttp://localhost:[1m5173[22m/[39m
  [32m➜[39m  [1mNetwork[22m: [36mhttp://192.168.1.92:[1m5173[22m/[39m

  [32m[1mVITE[22m v5.4.21[39m  [2mready in [0m[1m979[22m[2m[0m ms[22m

  [32m➜[39m  [1mLocal[22m:   [36mhttp://localhost:[1m5173[22m/[39m
  [32m➜[39m  [1mNetwork[22m: [36mhttp://192.168.1.92:[1m5173[22m/[39m
