◇ injecting env (1) from .env // tip: ◈ encrypted .env [www.dotenvx.com]
[Loyalty Worker] Iniciado
Modo Sabor API corriendo en http://localhost:3001
✅ WhatsApp local integrado al servidor (activo)
◇ injecting env (0) from .env // tip: ⌘ override existing { override: true }
[Loyalty Worker] Iniciado
(node:23360) ExperimentalWarning: SQLite is an experimental feature and might change at any time
(Use `node.EXE --trace-warnings ...` to show where the warning was created)
Modo Sabor API corriendo en http://localhost:3001
✅ WhatsApp local integrado al servidor (activo)
◇ injecting env (0) from .env // tip: ◈ secrets for agents [www.dotenvx.com]
[Loyalty Worker] Iniciado
(node:22788) ExperimentalWarning: SQLite is an experimental feature and might change at any time
(Use `node.EXE --trace-warnings ...` to show where the warning was created)
Modo Sabor API corriendo en http://localhost:3001
✅ WhatsApp local integrado al servidor (activo)
[socket] nuevo_pedido #36 emitido. Origen: web. Sockets en 'authenticated': 0
[pedidos] Nuevo pedido #36 emitido via socket (origen: web)
◇ injecting env (0) from .env // tip: ⌘ suppress logs { quiet: true }
[Loyalty Worker] Iniciado
(node:17136) ExperimentalWarning: SQLite is an experimental feature and might change at any time
(Use `node.EXE --trace-warnings ...` to show where the warning was created)
Modo Sabor API corriendo en http://localhost:3001
✅ WhatsApp local integrado al servidor (activo)
◇ injecting env (0) from .env // tip: ⌘ suppress logs { quiet: true }
[Loyalty Worker] Iniciado
(node:20600) ExperimentalWarning: SQLite is an experimental feature and might change at any time
(Use `node.EXE --trace-warnings ...` to show where the warning was created)
Modo Sabor API corriendo en http://localhost:3001
✅ WhatsApp local integrado al servidor (activo)
◇ injecting env (0) from .env // tip: ⌁ auth for agents [www.vestauth.com]
[Loyalty Worker] Iniciado
(node:11248) ExperimentalWarning: SQLite is an experimental feature and might change at any time
(Use `node.EXE --trace-warnings ...` to show where the warning was created)
Modo Sabor API corriendo en http://localhost:3001
✅ WhatsApp local integrado al servidor (activo)
◇ injecting env (0) from .env // tip: ⌁ auth for agents [www.vestauth.com]
[Loyalty Worker] Iniciado
(node:2796) ExperimentalWarning: SQLite is an experimental feature and might change at any time
(Use `node.EXE --trace-warnings ...` to show where the warning was created)
Modo Sabor API corriendo en http://localhost:3001
✅ WhatsApp local integrado al servidor (activo)
◇ injecting env (0) from .env // tip: ⌘ custom filepath { path: '/custom/path/.env' }
[Loyalty Worker] Iniciado
(node:2760) ExperimentalWarning: SQLite is an experimental feature and might change at any time
(Use `node.EXE --trace-warnings ...` to show where the warning was created)
Modo Sabor API corriendo en http://localhost:3001
✅ WhatsApp local integrado al servidor (activo)
◇ injecting env (0) from .env // tip: ⌘ override existing { override: true }
[Loyalty Worker] Iniciado
(node:10284) ExperimentalWarning: SQLite is an experimental feature and might change at any time
(Use `node.EXE --trace-warnings ...` to show where the warning was created)
Modo Sabor API corriendo en http://localhost:3001
✅ WhatsApp local integrado al servidor (activo)
◇ injecting env (0) from .env // tip: ⌘ enable debugging { debug: true }
[Loyalty Worker] Iniciado
(node:6536) ExperimentalWarning: SQLite is an experimental feature and might change at any time
(Use `node.EXE --trace-warnings ...` to show where the warning was created)
Modo Sabor API corriendo en http://localhost:3001
✅ WhatsApp local integrado al servidor (activo)
◇ injecting env (0) from .env // tip: ◈ secrets for agents [www.dotenvx.com]
[Loyalty Worker] Iniciado
(node:15144) ExperimentalWarning: SQLite is an experimental feature and might change at any time
(Use `node.EXE --trace-warnings ...` to show where the warning was created)
Modo Sabor API corriendo en http://localhost:3001
✅ WhatsApp local integrado al servidor (activo)
◇ injecting env (0) from .env // tip: ⌘ suppress logs { quiet: true }
[Loyalty Worker] Iniciado
(node:24236) ExperimentalWarning: SQLite is an experimental feature and might change at any time
(Use `node.EXE --trace-warnings ...` to show where the warning was created)
Modo Sabor API corriendo en http://localhost:3001
✅ WhatsApp local integrado al servidor (activo)
◇ injecting env (0) from .env // tip: ⌘ enable debugging { debug: true }
[Loyalty Worker] Iniciado
(node:26592) ExperimentalWarning: SQLite is an experimental feature and might change at any time
(Use `node.EXE --trace-warnings ...` to show where the warning was created)
Modo Sabor API corriendo en http://localhost:3001
✅ WhatsApp local integrado al servidor (activo)
◇ injecting env (0) from .env // tip: ⌘ enable debugging { debug: true }
[Loyalty Worker] Iniciado
(node:2656) ExperimentalWarning: SQLite is an experimental feature and might change at any time
(Use `node.EXE --trace-warnings ...` to show where the warning was created)
Modo Sabor API corriendo en http://localhost:3001
✅ WhatsApp local integrado al servidor (activo)
◇ injecting env (0) from .env // tip: ◈ encrypted .env [www.dotenvx.com]
[Loyalty Worker] Iniciado
(node:2044) ExperimentalWarning: SQLite is an experimental feature and might change at any time
(Use `node.EXE --trace-warnings ...` to show where the warning was created)
Modo Sabor API corriendo en http://localhost:3001
❌ No se pudo iniciar WhatsApp local: The browser is already running for D:\Proyectos\modosabor1\server\data\whatsapp-local-auth\session-modosabor-bot. Use a different `userDataDir` or stop the running browser first.
SyntaxError: Unexpected token '"', ""{}"" is not valid JSON
    at JSON.parse (<anonymous>)
    at createStrictSyntaxError (D:\Proyectos\modosabor1\server\node_modules\body-parser\lib\types\json.js:169:10)
    at parse (D:\Proyectos\modosabor1\server\node_modules\body-parser\lib\types\json.js:86:15)
    at D:\Proyectos\modosabor1\server\node_modules\body-parser\lib\read.js:128:18
    at AsyncResource.runInAsyncScope (node:async_hooks:228:14)
    at invokeCallback (D:\Proyectos\modosabor1\server\node_modules\raw-body\index.js:238:16)
    at done (D:\Proyectos\modosabor1\server\node_modules\raw-body\index.js:227:7)
    at IncomingMessage.onEnd (D:\Proyectos\modosabor1\server\node_modules\raw-body\index.js:287:7)
    at IncomingMessage.emit (node:events:508:28)
    at endReadableNT (node:internal/streams/readable:1729:12)
    at process.processTicksAndRejections (node:internal/process/task_queues:90:21)
◇ injecting env (0) from .env // tip: ⌘ override existing { override: true }
[Loyalty Worker] Iniciado
(node:2904) ExperimentalWarning: SQLite is an experimental feature and might change at any time
(Use `node.EXE --trace-warnings ...` to show where the warning was created)
Modo Sabor API corriendo en http://localhost:3001
✅ WhatsApp local integrado al servidor (activo)
◇ injecting env (0) from .env // tip: ⌘ suppress logs { quiet: true }
[Loyalty Worker] Iniciado
(node:10308) ExperimentalWarning: SQLite is an experimental feature and might change at any time
(Use `node.EXE --trace-warnings ...` to show where the warning was created)
Modo Sabor API corriendo en http://localhost:3001
❌ No se pudo iniciar WhatsApp local: Runtime.callFunctionOn timed out. Increase the 'protocolTimeout' setting in launch/connect calls for a higher timeout if needed.
◇ injecting env (0) from .env // tip: ⌁ auth for agents [www.vestauth.com]
[Loyalty Worker] Iniciado
(node:4292) ExperimentalWarning: SQLite is an experimental feature and might change at any time
(Use `node.EXE --trace-warnings ...` to show where the warning was created)
Modo Sabor API corriendo en http://localhost:3001
✅ WhatsApp local integrado al servidor (activo)
◇ injecting env (0) from .env // tip: ◈ encrypted .env [www.dotenvx.com]
[Loyalty Worker] Iniciado
(node:17612) ExperimentalWarning: SQLite is an experimental feature and might change at any time
(Use `node.EXE --trace-warnings ...` to show where the warning was created)
Modo Sabor API corriendo en http://localhost:3001
✅ WhatsApp local integrado al servidor (activo)
◇ injecting env (0) from .env // tip: ⌘ custom filepath { path: '/custom/path/.env' }
[Loyalty Worker] Iniciado
(node:19536) ExperimentalWarning: SQLite is an experimental feature and might change at any time
(Use `node.EXE --trace-warnings ...` to show where the warning was created)
Modo Sabor API corriendo en http://localhost:3001
✅ WhatsApp local integrado al servidor (activo)
◇ injecting env (0) from .env // tip: ⌁ auth for agents [www.vestauth.com]
[Loyalty Worker] Iniciado
(node:2272) ExperimentalWarning: SQLite is an experimental feature and might change at any time
(Use `node.EXE --trace-warnings ...` to show where the warning was created)
Modo Sabor API corriendo en http://localhost:3001
✅ WhatsApp local integrado al servidor (activo)
◇ injecting env (1) from .env // tip: ⌘ override existing { override: true }
[Loyalty Worker] Iniciado
(node:24048) ExperimentalWarning: SQLite is an experimental feature and might change at any time
(Use `node.EXE --trace-warnings ...` to show where the warning was created)
Modo Sabor API corriendo en http://localhost:3001
[Loyalty Worker] Recompra 5: WhatsApp fue removido del sistema
[Loyalty Worker] Recompra 5: WhatsApp fue removido del sistema
[Loyalty Worker] Recompra 5: WhatsApp fue removido del sistema
[Loyalty Worker] Recompra 5: WhatsApp fue removido del sistema
[Loyalty Worker] Recompra 5: WhatsApp fue removido del sistema
[Loyalty Worker] Recompra 5: WhatsApp fue removido del sistema
[Loyalty Worker] Recompra 5: WhatsApp fue removido del sistema
[Loyalty Worker] Recompra 5: WhatsApp fue removido del sistema
[Loyalty Worker] Recompra 5: WhatsApp fue removido del sistema
[Loyalty Worker] Recompra 5: WhatsApp fue removido del sistema
[Loyalty Worker] Recompra 5: WhatsApp fue removido del sistema
[Loyalty Worker] Recompra 5: WhatsApp fue removido del sistema
[Loyalty Worker] Recompra 5: WhatsApp fue removido del sistema
[Loyalty Worker] Recompra 5: WhatsApp fue removido del sistema
[Loyalty Worker] Recompra 5: WhatsApp fue removido del sistema
[Loyalty Worker] Recompra 5: WhatsApp fue removido del sistema
[Loyalty Worker] Recompra 5: WhatsApp fue removido del sistema
[Loyalty Worker] Recompra 5: WhatsApp fue removido del sistema
[Loyalty Worker] Recompra 5: WhatsApp fue removido del sistema
[Loyalty Worker] Recompra 5: WhatsApp fue removido del sistema
[Loyalty Worker] Recompra 5: WhatsApp fue removido del sistema
[Loyalty Worker] Recompra 5: WhatsApp fue removido del sistema
[Loyalty Worker] Recompra 5: WhatsApp fue removido del sistema
[Loyalty Worker] Recompra 5: WhatsApp fue removido del sistema
[Loyalty Worker] Recompra 5: WhatsApp fue removido del sistema
[Loyalty Worker] Recompra 5: WhatsApp fue removido del sistema
[Loyalty Worker] Recompra 5: WhatsApp fue removido del sistema
[Loyalty Worker] Recompra 5: WhatsApp fue removido del sistema
[Loyalty Worker] Recompra 5: WhatsApp fue removido del sistema
[Loyalty Worker] Recompra 5: WhatsApp fue removido del sistema
[Loyalty Worker] Recompra 5: WhatsApp fue removido del sistema
[Loyalty Worker] Recompra 5: WhatsApp fue removido del sistema
[Loyalty Worker] Recompra 5: WhatsApp fue removido del sistema
[Loyalty Worker] Recompra 5: WhatsApp fue removido del sistema
[Loyalty Worker] Recompra 5: WhatsApp fue removido del sistema
[Loyalty Worker] Recompra 5: WhatsApp fue removido del sistema
[Loyalty Worker] Recompra 5: WhatsApp fue removido del sistema
[Loyalty Worker] Recompra 5: WhatsApp fue removido del sistema
[Loyalty Worker] Recompra 5: WhatsApp fue removido del sistema
[Loyalty Worker] Recompra 5: WhatsApp fue removido del sistema
[Loyalty Worker] Recompra 5: WhatsApp fue removido del sistema
[Loyalty Worker] Recompra 5: WhatsApp fue removido del sistema
[Loyalty Worker] Recompra 5: WhatsApp fue removido del sistema
[Loyalty Worker] Recompra 5: WhatsApp fue removido del sistema
[Loyalty Worker] Recompra 5: WhatsApp fue removido del sistema
[Loyalty Worker] Recompra 5: WhatsApp fue removido del sistema
[Loyalty Worker] Recompra 5: WhatsApp fue removido del sistema
[Loyalty Worker] Recompra 5: WhatsApp fue removido del sistema
[Loyalty Worker] Recompra 5: WhatsApp fue removido del sistema
◇ injecting env (1) from .env // tip: ◈ secrets for agents [www.dotenvx.com]
[Loyalty Worker] Iniciado
(node:22692) ExperimentalWarning: SQLite is an experimental feature and might change at any time
(Use `node.EXE --trace-warnings ...` to show where the warning was created)
Modo Sabor API corriendo en http://localhost:3001
[Loyalty Worker] Recompra 5: WhatsApp fue removido del sistema
[socket] nuevo_pedido #53 emitido. Origen: web. Sockets en 'authenticated': 0
[pedidos] Nuevo pedido #53 emitido via socket (origen: web)
[Loyalty Worker] Recompra 5: WhatsApp fue removido del sistema
[Loyalty Worker] Recompra 5: WhatsApp fue removido del sistema
[Loyalty Worker] Recompra 5: WhatsApp fue removido del sistema
[Loyalty Worker] Recompra 5: WhatsApp fue removido del sistema
[Fidelizacion] Cliente #25 actualizó fidelidad por pedido #36
[Loyalty Worker] Recompra 5: WhatsApp fue removido del sistema
[Loyalty Worker] Recompra 5: WhatsApp fue removido del sistema
[Loyalty Worker] Recompra 5: WhatsApp fue removido del sistema
[socket] nuevo_pedido #54 emitido. Origen: tpv. Sockets en 'authenticated': 0
[Loyalty Worker] Recompra 5: WhatsApp fue removido del sistema
[Loyalty Worker] Recompra 5: WhatsApp fue removido del sistema
[Loyalty Worker] Recompra 5: WhatsApp fue removido del sistema
[Loyalty Worker] Recompra 5: WhatsApp fue removido del sistema
[Loyalty Worker] Recompra 5: WhatsApp fue removido del sistema
[Loyalty Worker] Recompra 5: WhatsApp fue removido del sistema
[Loyalty Worker] Recompra 5: WhatsApp fue removido del sistema
[Loyalty Worker] Recompra 5: WhatsApp fue removido del sistema
[Loyalty Worker] Recompra 5: WhatsApp fue removido del sistema
[Loyalty Worker] Recompra 5: WhatsApp fue removido del sistema
[Loyalty Worker] Recompra 5: WhatsApp fue removido del sistema
[Loyalty Worker] Recompra 5: WhatsApp fue removido del sistema
[Loyalty Worker] Recompra 5: WhatsApp fue removido del sistema
[Loyalty Worker] Recompra 5: WhatsApp fue removido del sistema
[Loyalty Worker] Recompra 5: WhatsApp fue removido del sistema
[Loyalty Worker] Recompra 5: WhatsApp fue removido del sistema
[Loyalty Worker] Recompra 5: WhatsApp fue removido del sistema
[Loyalty Worker] Recompra 5: WhatsApp fue removido del sistema
[Loyalty Worker] Recompra 5: WhatsApp fue removido del sistema
[Loyalty Worker] Recompra 5: WhatsApp fue removido del sistema
[Loyalty Worker] Recompra 5: WhatsApp fue removido del sistema
[Loyalty Worker] Recompra 5: WhatsApp fue removido del sistema
[Loyalty Worker] Recompra 5: WhatsApp fue removido del sistema
[Loyalty Worker] Recompra 5: WhatsApp fue removido del sistema
[Loyalty Worker] Recompra 5: WhatsApp fue removido del sistema
[Loyalty Worker] Recompra 5: WhatsApp fue removido del sistema
[Loyalty Worker] Recompra 5: WhatsApp fue removido del sistema
[Loyalty Worker] Recompra 5: WhatsApp fue removido del sistema
[Loyalty Worker] Recompra 5: WhatsApp fue removido del sistema
◇ injecting env (4) from .env // tip: ⌘ suppress logs { quiet: true }
(node:11760) ExperimentalWarning: SQLite is an experimental feature and might change at any time
(Use `node.EXE --trace-warnings ...` to show where the warning was created)
Modo Sabor API corriendo en http://localhost:3001
◇ injecting env (4) from .env // tip: ⌘ suppress logs { quiet: true }
(node:14244) ExperimentalWarning: SQLite is an experimental feature and might change at any time
(Use `node.EXE --trace-warnings ...` to show where the warning was created)
Modo Sabor API corriendo en http://localhost:3001
[socket] nuevo_pedido #56 emitido. Origen: web. Sockets en 'authenticated': 0
[pedidos] Nuevo pedido #56 emitido via socket (origen: web)
[Fidelizacion] Cliente #2001 actualizó fidelidad por pedido #56
